2015-10-19 09:40:18,904 [main] ERROR StackTrace  - Full Stack Trace:
Condition not satisfied:

curso.hasErrors() == !valido
|     |           |  ||
|     true        |  |true
|                 |  false
|                 false
testingpractice.Curso : (unsaved)

	at testingpractice.CursoSpec.test nombre(CursoSpec.groovy:27)
2015-10-19 09:40:18,959 [main] ERROR StackTrace  - Full Stack Trace:
Condition not satisfied:

curso.hasErrors() == !valido
|     |           |  ||
|     true        |  |true
|                 |  false
|                 false
testingpractice.Curso : (unsaved)

	at testingpractice.CursoSpec.test nombre(CursoSpec.groovy:27)
2015-10-19 09:40:18,964 [main] ERROR StackTrace  - Full Stack Trace:
junit.framework.AssertionFailedError: Condition not satisfied:

curso.hasErrors() == !valido
|     |           |  ||
|     true        |  |true
|                 |  false
|                 false
testingpractice.Curso : (unsaved)

	at testingpractice.CursoSpec.test nombre(CursoSpec.groovy:27)
2015-10-19 09:40:18,965 [main] ERROR StackTrace  - Full Stack Trace:
junit.framework.AssertionFailedError: Condition not satisfied:

curso.hasErrors() == !valido
|     |           |  ||
|     true        |  |true
|                 |  false
|                 false
testingpractice.Curso : (unsaved)

	at testingpractice.CursoSpec.test nombre(CursoSpec.groovy:27)
2015-10-19 09:40:19,238 [main] ERROR StackTrace  - Full Stack Trace:
junit.framework.AssertionFailedError: Condition not satisfied:

curso.hasErrors() == !valido
|     |           |  ||
|     true        |  |true
|                 |  false
|                 false
testingpractice.Curso : (unsaved)

	at testingpractice.CursoSpec.test nombre(CursoSpec.groovy:27)
2015-10-19 09:40:19,238 [main] ERROR StackTrace  - Full Stack Trace:
junit.framework.AssertionFailedError: Condition not satisfied:

curso.hasErrors() == !valido
|     |           |  ||
|     true        |  |true
|                 |  false
|                 false
testingpractice.Curso : (unsaved)

	at testingpractice.CursoSpec.test nombre(CursoSpec.groovy:27)
2015-10-19 09:50:25,737 [main] ERROR StackTrace  - Full Stack Trace:
Condition not satisfied:

curso.hasErrors() == !valido
|     |           |  ||
|     true        |  |true
|                 |  false
|                 false
testingpractice.Curso : (unsaved)

	at testingpractice.CursoSpec.test nombre(CursoSpec.groovy:27)
2015-10-19 09:50:25,871 [main] ERROR StackTrace  - Full Stack Trace:
Condition not satisfied:

curso.hasErrors() == !valido
|     |           |  ||
|     true        |  |true
|                 |  false
|                 false
testingpractice.Curso : (unsaved)

	at testingpractice.CursoSpec.test nombre(CursoSpec.groovy:27)
2015-10-19 09:50:25,884 [main] ERROR StackTrace  - Full Stack Trace:
junit.framework.AssertionFailedError: Condition not satisfied:

curso.hasErrors() == !valido
|     |           |  ||
|     true        |  |true
|                 |  false
|                 false
testingpractice.Curso : (unsaved)

	at testingpractice.CursoSpec.test nombre(CursoSpec.groovy:27)
2015-10-19 09:50:25,885 [main] ERROR StackTrace  - Full Stack Trace:
junit.framework.AssertionFailedError: Condition not satisfied:

curso.hasErrors() == !valido
|     |           |  ||
|     true        |  |true
|                 |  false
|                 false
testingpractice.Curso : (unsaved)

	at testingpractice.CursoSpec.test nombre(CursoSpec.groovy:27)
2015-10-19 09:50:26,171 [main] ERROR StackTrace  - Full Stack Trace:
junit.framework.AssertionFailedError: Condition not satisfied:

curso.hasErrors() == !valido
|     |           |  ||
|     true        |  |true
|                 |  false
|                 false
testingpractice.Curso : (unsaved)

	at testingpractice.CursoSpec.test nombre(CursoSpec.groovy:27)
2015-10-19 09:50:26,172 [main] ERROR StackTrace  - Full Stack Trace:
junit.framework.AssertionFailedError: Condition not satisfied:

curso.hasErrors() == !valido
|     |           |  ||
|     true        |  |true
|                 |  false
|                 false
testingpractice.Curso : (unsaved)

	at testingpractice.CursoSpec.test nombre(CursoSpec.groovy:27)
2015-10-19 21:28:01,435 [main] ERROR StackTrace  - Full Stack Trace:
Condition not satisfied:

profe.hasErrors() == !valid
|     |           |  ||
|     true        |  |true
null null         |  false
                  false

	at testingpractice.ProfesorSpec.test lista(ProfesorSpec.groovy:43)
2015-10-19 21:28:01,450 [main] ERROR StackTrace  - Full Stack Trace:
Condition not satisfied:

profe.hasErrors() == !valid
|     |           |  ||
|     true        |  |true
null null         |  false
                  false

	at testingpractice.ProfesorSpec.test lista(ProfesorSpec.groovy:43)
2015-10-19 21:28:01,452 [main] ERROR StackTrace  - Full Stack Trace:
junit.framework.AssertionFailedError: Condition not satisfied:

profe.hasErrors() == !valid
|     |           |  ||
|     true        |  |true
null null         |  false
                  false

	at testingpractice.ProfesorSpec.test lista(ProfesorSpec.groovy:43)
2015-10-19 21:28:01,453 [main] ERROR StackTrace  - Full Stack Trace:
junit.framework.AssertionFailedError: Condition not satisfied:

profe.hasErrors() == !valid
|     |           |  ||
|     true        |  |true
null null         |  false
                  false

	at testingpractice.ProfesorSpec.test lista(ProfesorSpec.groovy:43)
2015-10-19 21:28:01,489 [main] ERROR StackTrace  - Full Stack Trace:
junit.framework.AssertionFailedError: Condition not satisfied:

profe.hasErrors() == !valid
|     |           |  ||
|     true        |  |true
null null         |  false
                  false

	at testingpractice.ProfesorSpec.test lista(ProfesorSpec.groovy:43)
2015-10-19 21:28:01,489 [main] ERROR StackTrace  - Full Stack Trace:
junit.framework.AssertionFailedError: Condition not satisfied:

profe.hasErrors() == !valid
|     |           |  ||
|     true        |  |true
null null         |  false
                  false

	at testingpractice.ProfesorSpec.test lista(ProfesorSpec.groovy:43)
2015-10-19 21:32:57,929 [main] ERROR StackTrace  - Full Stack Trace:
groovy.lang.MissingPropertyException: No such property: cel1 for class: testingpractice.UsuarioSpec
	at testingpractice.UsuarioSpec.test cedula unica(UsuarioSpec.groovy:112)
2015-10-19 21:32:57,939 [main] ERROR StackTrace  - Full Stack Trace:
groovy.lang.MissingPropertyException: No such property: cel1 for class: testingpractice.UsuarioSpec
	at testingpractice.UsuarioSpec.test cedula unica(UsuarioSpec.groovy:112)
2015-10-19 21:32:57,941 [main] ERROR StackTrace  - Full Stack Trace:
groovy.lang.MissingPropertyException: No such property: cel1 for class: testingpractice.UsuarioSpec
	at testingpractice.UsuarioSpec.test cedula unica(UsuarioSpec.groovy:112)
2015-10-19 21:32:57,942 [main] ERROR StackTrace  - Full Stack Trace:
groovy.lang.MissingPropertyException: No such property: cel1 for class: testingpractice.UsuarioSpec
	at testingpractice.UsuarioSpec.test cedula unica(UsuarioSpec.groovy:112)
2015-10-19 21:32:57,950 [main] ERROR StackTrace  - Full Stack Trace:
groovy.lang.MissingPropertyException: No such property: cel1 for class: testingpractice.UsuarioSpec
	at testingpractice.UsuarioSpec.test cedula unica(UsuarioSpec.groovy:112)
2015-10-19 21:32:57,951 [main] ERROR StackTrace  - Full Stack Trace:
groovy.lang.MissingPropertyException: No such property: cel1 for class: testingpractice.UsuarioSpec
	at testingpractice.UsuarioSpec.test cedula unica(UsuarioSpec.groovy:112)
2015-10-19 21:32:57,962 [main] ERROR StackTrace  - Full Stack Trace:
groovy.lang.MissingPropertyException: No such property: cel1 for class: testingpractice.UsuarioSpec
	at testingpractice.UsuarioSpec.test cedula unica(UsuarioSpec.groovy:112)
2015-10-19 21:32:57,963 [main] ERROR StackTrace  - Full Stack Trace:
groovy.lang.MissingPropertyException: No such property: cel1 for class: testingpractice.UsuarioSpec
	at testingpractice.UsuarioSpec.test cedula unica(UsuarioSpec.groovy:112)
2015-10-19 21:32:57,964 [main] ERROR StackTrace  - Full Stack Trace:
groovy.lang.MissingPropertyException: No such property: cel1 for class: testingpractice.UsuarioSpec
	at testingpractice.UsuarioSpec.test cedula unica(UsuarioSpec.groovy:112)
2015-10-19 21:32:57,964 [main] ERROR StackTrace  - Full Stack Trace:
groovy.lang.MissingPropertyException: No such property: cel1 for class: testingpractice.UsuarioSpec
	at testingpractice.UsuarioSpec.test cedula unica(UsuarioSpec.groovy:112)
2015-10-19 21:32:57,965 [main] ERROR StackTrace  - Full Stack Trace:
groovy.lang.MissingPropertyException: No such property: cel1 for class: testingpractice.UsuarioSpec
	at testingpractice.UsuarioSpec.test cedula unica(UsuarioSpec.groovy:112)
2015-10-19 21:32:57,965 [main] ERROR StackTrace  - Full Stack Trace:
groovy.lang.MissingPropertyException: No such property: cel1 for class: testingpractice.UsuarioSpec
	at testingpractice.UsuarioSpec.test cedula unica(UsuarioSpec.groovy:112)
2015-10-19 21:45:06,055 [main] ERROR StackTrace  - Full Stack Trace:
Condition not satisfied:

curso.hasErrors() == !valido
|     |           |  ||
|     true        |  |true
|                 |  false
|                 false
testingpractice.Curso : (unsaved)

	at testingpractice.CursoSpec.test descripcion(CursoSpec.groovy:80)
2015-10-19 21:45:06,061 [main] ERROR StackTrace  - Full Stack Trace:
Condition not satisfied:

curso.hasErrors() == !valido
|     |           |  ||
|     true        |  |true
|                 |  false
|                 false
testingpractice.Curso : (unsaved)

	at testingpractice.CursoSpec.test descripcion(CursoSpec.groovy:80)
2015-10-19 21:45:06,063 [main] ERROR StackTrace  - Full Stack Trace:
junit.framework.AssertionFailedError: Condition not satisfied:

curso.hasErrors() == !valido
|     |           |  ||
|     true        |  |true
|                 |  false
|                 false
testingpractice.Curso : (unsaved)

	at testingpractice.CursoSpec.test descripcion(CursoSpec.groovy:80)
2015-10-19 21:45:06,064 [main] ERROR StackTrace  - Full Stack Trace:
junit.framework.AssertionFailedError: Condition not satisfied:

curso.hasErrors() == !valido
|     |           |  ||
|     true        |  |true
|                 |  false
|                 false
testingpractice.Curso : (unsaved)

	at testingpractice.CursoSpec.test descripcion(CursoSpec.groovy:80)
2015-10-19 21:45:06,072 [main] ERROR StackTrace  - Full Stack Trace:
junit.framework.AssertionFailedError: Condition not satisfied:

curso.hasErrors() == !valido
|     |           |  ||
|     true        |  |true
|                 |  false
|                 false
testingpractice.Curso : (unsaved)

	at testingpractice.CursoSpec.test descripcion(CursoSpec.groovy:80)
2015-10-19 21:45:06,072 [main] ERROR StackTrace  - Full Stack Trace:
junit.framework.AssertionFailedError: Condition not satisfied:

curso.hasErrors() == !valido
|     |           |  ||
|     true        |  |true
|                 |  false
|                 false
testingpractice.Curso : (unsaved)

	at testingpractice.CursoSpec.test descripcion(CursoSpec.groovy:80)
2015-10-19 21:47:40,077 [main] ERROR StackTrace  - Full Stack Trace:
Condition not satisfied:

curso.hasErrors() == !valido
|     |           |  ||
|     true        |  |true
|                 |  false
|                 false
testingpractice.Curso : (unsaved)

	at testingpractice.CursoSpec.test descripcion(CursoSpec.groovy:80)
2015-10-19 21:47:40,081 [main] ERROR StackTrace  - Full Stack Trace:
Condition not satisfied:

curso.hasErrors() == !valido
|     |           |  ||
|     true        |  |true
|                 |  false
|                 false
testingpractice.Curso : (unsaved)

	at testingpractice.CursoSpec.test descripcion(CursoSpec.groovy:80)
2015-10-19 21:47:40,083 [main] ERROR StackTrace  - Full Stack Trace:
junit.framework.AssertionFailedError: Condition not satisfied:

curso.hasErrors() == !valido
|     |           |  ||
|     true        |  |true
|                 |  false
|                 false
testingpractice.Curso : (unsaved)

	at testingpractice.CursoSpec.test descripcion(CursoSpec.groovy:80)
2015-10-19 21:47:40,083 [main] ERROR StackTrace  - Full Stack Trace:
junit.framework.AssertionFailedError: Condition not satisfied:

curso.hasErrors() == !valido
|     |           |  ||
|     true        |  |true
|                 |  false
|                 false
testingpractice.Curso : (unsaved)

	at testingpractice.CursoSpec.test descripcion(CursoSpec.groovy:80)
2015-10-19 21:47:40,091 [main] ERROR StackTrace  - Full Stack Trace:
junit.framework.AssertionFailedError: Condition not satisfied:

curso.hasErrors() == !valido
|     |           |  ||
|     true        |  |true
|                 |  false
|                 false
testingpractice.Curso : (unsaved)

	at testingpractice.CursoSpec.test descripcion(CursoSpec.groovy:80)
2015-10-19 21:47:40,092 [main] ERROR StackTrace  - Full Stack Trace:
junit.framework.AssertionFailedError: Condition not satisfied:

curso.hasErrors() == !valido
|     |           |  ||
|     true        |  |true
|                 |  false
|                 false
testingpractice.Curso : (unsaved)

	at testingpractice.CursoSpec.test descripcion(CursoSpec.groovy:80)
2015-10-19 21:48:41,370 [main] ERROR StackTrace  - Full Stack Trace:
Condition not satisfied:

curso.hasErrors() == !valido
|     |           |  ||
|     true        |  |true
|                 |  false
|                 false
testingpractice.Curso : (unsaved)

	at testingpractice.CursoSpec.test descripcion(CursoSpec.groovy:80)
2015-10-19 21:48:41,375 [main] ERROR StackTrace  - Full Stack Trace:
Condition not satisfied:

curso.hasErrors() == !valido
|     |           |  ||
|     true        |  |true
|                 |  false
|                 false
testingpractice.Curso : (unsaved)

	at testingpractice.CursoSpec.test descripcion(CursoSpec.groovy:80)
2015-10-19 21:48:41,377 [main] ERROR StackTrace  - Full Stack Trace:
junit.framework.AssertionFailedError: Condition not satisfied:

curso.hasErrors() == !valido
|     |           |  ||
|     true        |  |true
|                 |  false
|                 false
testingpractice.Curso : (unsaved)

	at testingpractice.CursoSpec.test descripcion(CursoSpec.groovy:80)
2015-10-19 21:48:41,378 [main] ERROR StackTrace  - Full Stack Trace:
junit.framework.AssertionFailedError: Condition not satisfied:

curso.hasErrors() == !valido
|     |           |  ||
|     true        |  |true
|                 |  false
|                 false
testingpractice.Curso : (unsaved)

	at testingpractice.CursoSpec.test descripcion(CursoSpec.groovy:80)
2015-10-19 21:48:41,387 [main] ERROR StackTrace  - Full Stack Trace:
junit.framework.AssertionFailedError: Condition not satisfied:

curso.hasErrors() == !valido
|     |           |  ||
|     true        |  |true
|                 |  false
|                 false
testingpractice.Curso : (unsaved)

	at testingpractice.CursoSpec.test descripcion(CursoSpec.groovy:80)
2015-10-19 21:48:41,387 [main] ERROR StackTrace  - Full Stack Trace:
junit.framework.AssertionFailedError: Condition not satisfied:

curso.hasErrors() == !valido
|     |           |  ||
|     true        |  |true
|                 |  false
|                 false
testingpractice.Curso : (unsaved)

	at testingpractice.CursoSpec.test descripcion(CursoSpec.groovy:80)
